2023-03-26 11:20:58,456 INFO  [org.jboss.modules] (CLI command executor) JBoss Modules version 2.0.2.Final
2023-03-26 11:20:58,501 INFO  [org.jboss.msc] (CLI command executor) JBoss MSC version 1.4.13.Final
2023-03-26 11:20:58,509 INFO  [org.jboss.threads] (CLI command executor) JBoss Threads version 2.4.0.Final
2023-03-26 11:20:58,622 INFO  [org.jboss.as] (MSC service thread 1-1) WFLYSRV0049: Keycloak 19.0.3 (WildFly Core 18.1.1.Final) starting
2023-03-26 11:20:58,625 DEBUG [org.jboss.as.config] (MSC service thread 1-1) Configured system properties:
	awt.toolkit = sun.awt.X11.XToolkit
	com.ibm.jsse2.overrideDefaultTLS = true
	file.encoding = UTF-8
	file.separator = /
	java.awt.graphicsenv = sun.awt.X11GraphicsEnvironment
	java.awt.printerjob = sun.print.PSPrinterJob
	java.class.path = /opt/jboss/keycloak/jboss-modules.jar
	java.class.version = 55.0
	java.home = /usr/lib/jvm/java-11-openjdk-11.0.16.1.1-1.el8_6.x86_64
	java.io.tmpdir = /tmp
	java.library.path = /usr/java/packages/lib:/usr/lib64:/lib64:/lib:/usr/lib
	java.runtime.name = OpenJDK Runtime Environment
	java.runtime.version = 11.0.16.1+1-LTS
	java.specification.name = Java Platform API Specification
	java.specification.vendor = Oracle Corporation
	java.specification.version = 11
	java.util.logging.manager = org.jboss.logmanager.LogManager
	java.vendor = Red Hat, Inc.
	java.vendor.url = https://www.redhat.com/
	java.vendor.url.bug = https://bugzilla.redhat.com/enter_bug.cgi?product=Red%20Hat%20Enterprise%20Linux%208&component=java-11-openjdk
	java.vendor.version = (Red_Hat-11.0.16.1.1-1.el8_6)
	java.version = 11.0.16.1
	java.version.date = 2022-08-12
	java.vm.compressedOopsMode = 32-bit
	java.vm.info = mixed mode, sharing
	java.vm.name = OpenJDK 64-Bit Server VM
	java.vm.specification.name = Java Virtual Machine Specification
	java.vm.specification.vendor = Oracle Corporation
	java.vm.specification.version = 11
	java.vm.vendor = Red Hat, Inc.
	java.vm.version = 11.0.16.1+1-LTS
	jboss.home.dir = /opt/jboss/keycloak
	jboss.host.name = 13e9aa53d5c8
	jboss.modules.dir = /opt/jboss/keycloak/modules
	jboss.modules.system.pkgs = com.sun.java.swing
	jboss.node.name = 13e9aa53d5c8
	jboss.qualified.host.name = 13e9aa53d5c8
	jboss.server.base.dir = /opt/jboss/keycloak/standalone
	jboss.server.config.dir = /opt/jboss/keycloak/standalone/configuration
	jboss.server.content.dir = /opt/jboss/keycloak/standalone/data/content
	jboss.server.data.dir = /opt/jboss/keycloak/standalone/data
	jboss.server.deploy.dir = /opt/jboss/keycloak/standalone/data/content
	jboss.server.log.dir = /opt/jboss/keycloak/standalone/log
	jboss.server.name = 13e9aa53d5c8
	jboss.server.persist.config = true
	jboss.server.temp.dir = /opt/jboss/keycloak/standalone/tmp
	jdk.debug = release
	line.separator = 

	logging.configuration = file:/opt/jboss/keycloak/bin/jboss-cli-logging.properties
	module.path = /opt/jboss/keycloak/modules
	org.jboss.boot.log.file = /opt/jboss/keycloak/standalone/log/server.log
	org.jboss.resolver.warning = true
	org.wildfly.logging.embedded = false
	os.arch = amd64
	os.name = Linux
	os.version = 4.15.0-206-generic
	path.separator = :
	sun.arch.data.model = 64
	sun.boot.library.path = /usr/lib/jvm/java-11-openjdk-11.0.16.1.1-1.el8_6.x86_64/lib
	sun.cpu.endian = little
	sun.cpu.isalist = 
	sun.io.unicode.encoding = UnicodeLittle
	sun.java.command = /opt/jboss/keycloak/jboss-modules.jar -mp /opt/jboss/keycloak/modules org.jboss.as.cli --file=/opt/jboss/tools/cli/databases/mysql/standalone-configuration.cli
	sun.java.launcher = SUN_STANDARD
	sun.jnu.encoding = UTF-8
	sun.management.compiler = HotSpot 64-Bit Tiered Compilers
	sun.os.patch.level = unknown
	user.country = US
	user.dir = /opt/jboss/keycloak
	user.home = /opt/jboss
	user.language = en
	user.name = jboss
	user.timezone = UTC
2023-03-26 11:20:58,627 DEBUG [org.jboss.as.config] (MSC service thread 1-1) VM Arguments: --add-exports=java.desktop/sun.awt=ALL-UNNAMED --add-exports=java.naming/com.sun.jndi.ldap=ALL-UNNAMED --add-opens=java.base/java.lang=ALL-UNNAMED --add-opens=java.base/java.lang.invoke=ALL-UNNAMED --add-opens=java.base/java.lang.reflect=ALL-UNNAMED --add-opens=java.base/java.io=ALL-UNNAMED --add-opens=java.base/java.security=ALL-UNNAMED --add-opens=java.base/java.util=ALL-UNNAMED --add-opens=java.base/java.util.concurrent=ALL-UNNAMED --add-opens=java.management/javax.management=ALL-UNNAMED --add-opens=java.naming/javax.naming=ALL-UNNAMED -Djboss.modules.system.pkgs=com.sun.java.swing -Dcom.ibm.jsse2.overrideDefaultTLS=true -Dlogging.configuration=file:/opt/jboss/keycloak/bin/jboss-cli-logging.properties 
2023-03-26 11:20:58,683 INFO  [org.jboss.vfs] (MSC service thread 1-1) VFS000002: Failed to clean existing content for temp file provider of type temp. Enable DEBUG level log to find what caused this
2023-03-26 11:20:59,235 INFO  [org.wildfly.security] (ServerService Thread Pool -- 19) ELY00001: WildFly Elytron version 1.19.0.Final
2023-03-26 11:20:59,849 WARN  [org.wildfly.extension.elytron] (MSC service thread 1-6) WFLYELY00023: KeyStore file '/opt/jboss/keycloak/standalone/configuration/application.keystore' does not exist. Used blank.
2023-03-26 11:20:59,860 WARN  [org.wildfly.extension.elytron] (MSC service thread 1-6) WFLYELY01084: KeyStore /opt/jboss/keycloak/standalone/configuration/application.keystore not found, it will be auto generated on first use with a self-signed certificate for host localhost
2023-03-26 11:20:59,917 INFO  [org.jboss.as.patching] (MSC service thread 1-1) WFLYPAT0050: Keycloak cumulative patch ID is: base, one-off patches include: none
2023-03-26 11:20:59,991 INFO  [org.jboss.as.server] (Controller Boot Thread) WFLYSRV0212: Resuming server
2023-03-26 11:20:59,993 INFO  [org.jboss.as] (Controller Boot Thread) WFLYSRV0025: Keycloak 19.0.3 (WildFly Core 18.1.1.Final) started in 1530ms - Started 49 of 72 services (24 services are lazy, passive or on-demand) - Server configuration file in use: standalone.xml
2023-03-26 11:21:00,129 INFO  [org.jboss.as] (MSC service thread 1-4) WFLYSRV0050: Keycloak 19.0.3 (WildFly Core 18.1.1.Final) stopped in 11ms
2023-03-26 11:21:01,229 INFO  [org.jboss.modules] (CLI command executor) JBoss Modules version 2.0.2.Final
2023-03-26 11:21:01,270 INFO  [org.jboss.msc] (CLI command executor) JBoss MSC version 1.4.13.Final
2023-03-26 11:21:01,277 INFO  [org.jboss.threads] (CLI command executor) JBoss Threads version 2.4.0.Final
2023-03-26 11:21:01,380 INFO  [org.jboss.as] (MSC service thread 1-1) WFLYSRV0049: Keycloak 19.0.3 (WildFly Core 18.1.1.Final) starting
2023-03-26 11:21:01,382 DEBUG [org.jboss.as.config] (MSC service thread 1-1) Configured system properties:
	awt.toolkit = sun.awt.X11.XToolkit
	com.ibm.jsse2.overrideDefaultTLS = true
	file.encoding = UTF-8
	file.separator = /
	java.awt.graphicsenv = sun.awt.X11GraphicsEnvironment
	java.awt.printerjob = sun.print.PSPrinterJob
	java.class.path = /opt/jboss/keycloak/jboss-modules.jar
	java.class.version = 55.0
	java.home = /usr/lib/jvm/java-11-openjdk-11.0.16.1.1-1.el8_6.x86_64
	java.io.tmpdir = /tmp
	java.library.path = /usr/java/packages/lib:/usr/lib64:/lib64:/lib:/usr/lib
	java.runtime.name = OpenJDK Runtime Environment
	java.runtime.version = 11.0.16.1+1-LTS
	java.specification.name = Java Platform API Specification
	java.specification.vendor = Oracle Corporation
	java.specification.version = 11
	java.util.logging.manager = org.jboss.logmanager.LogManager
	java.vendor = Red Hat, Inc.
	java.vendor.url = https://www.redhat.com/
	java.vendor.url.bug = https://bugzilla.redhat.com/enter_bug.cgi?product=Red%20Hat%20Enterprise%20Linux%208&component=java-11-openjdk
	java.vendor.version = (Red_Hat-11.0.16.1.1-1.el8_6)
	java.version = 11.0.16.1
	java.version.date = 2022-08-12
	java.vm.compressedOopsMode = 32-bit
	java.vm.info = mixed mode, sharing
	java.vm.name = OpenJDK 64-Bit Server VM
	java.vm.specification.name = Java Virtual Machine Specification
	java.vm.specification.vendor = Oracle Corporation
	java.vm.specification.version = 11
	java.vm.vendor = Red Hat, Inc.
	java.vm.version = 11.0.16.1+1-LTS
	jboss.home.dir = /opt/jboss/keycloak
	jboss.host.name = 13e9aa53d5c8
	jboss.modules.dir = /opt/jboss/keycloak/modules
	jboss.modules.system.pkgs = com.sun.java.swing
	jboss.node.name = 13e9aa53d5c8
	jboss.qualified.host.name = 13e9aa53d5c8
	jboss.server.base.dir = /opt/jboss/keycloak/standalone
	jboss.server.config.dir = /opt/jboss/keycloak/standalone/configuration
	jboss.server.content.dir = /opt/jboss/keycloak/standalone/data/content
	jboss.server.data.dir = /opt/jboss/keycloak/standalone/data
	jboss.server.deploy.dir = /opt/jboss/keycloak/standalone/data/content
	jboss.server.log.dir = /opt/jboss/keycloak/standalone/log
	jboss.server.name = 13e9aa53d5c8
	jboss.server.persist.config = true
	jboss.server.temp.dir = /opt/jboss/keycloak/standalone/tmp
	jdk.debug = release
	line.separator = 

	logging.configuration = file:/opt/jboss/keycloak/bin/jboss-cli-logging.properties
	module.path = /opt/jboss/keycloak/modules
	org.jboss.boot.log.file = /opt/jboss/keycloak/standalone/log/server.log
	org.jboss.resolver.warning = true
	org.wildfly.logging.embedded = false
	os.arch = amd64
	os.name = Linux
	os.version = 4.15.0-206-generic
	path.separator = :
	sun.arch.data.model = 64
	sun.boot.library.path = /usr/lib/jvm/java-11-openjdk-11.0.16.1.1-1.el8_6.x86_64/lib
	sun.cpu.endian = little
	sun.cpu.isalist = 
	sun.io.unicode.encoding = UnicodeLittle
	sun.java.command = /opt/jboss/keycloak/jboss-modules.jar -mp /opt/jboss/keycloak/modules org.jboss.as.cli --file=/opt/jboss/tools/cli/databases/mysql/standalone-ha-configuration.cli
	sun.java.launcher = SUN_STANDARD
	sun.jnu.encoding = UTF-8
	sun.management.compiler = HotSpot 64-Bit Tiered Compilers
	sun.os.patch.level = unknown
	user.country = US
	user.dir = /opt/jboss/keycloak
	user.home = /opt/jboss
	user.language = en
	user.name = jboss
	user.timezone = UTC
2023-03-26 11:21:01,384 DEBUG [org.jboss.as.config] (MSC service thread 1-1) VM Arguments: --add-exports=java.desktop/sun.awt=ALL-UNNAMED --add-exports=java.naming/com.sun.jndi.ldap=ALL-UNNAMED --add-opens=java.base/java.lang=ALL-UNNAMED --add-opens=java.base/java.lang.invoke=ALL-UNNAMED --add-opens=java.base/java.lang.reflect=ALL-UNNAMED --add-opens=java.base/java.io=ALL-UNNAMED --add-opens=java.base/java.security=ALL-UNNAMED --add-opens=java.base/java.util=ALL-UNNAMED --add-opens=java.base/java.util.concurrent=ALL-UNNAMED --add-opens=java.management/javax.management=ALL-UNNAMED --add-opens=java.naming/javax.naming=ALL-UNNAMED -Djboss.modules.system.pkgs=com.sun.java.swing -Dcom.ibm.jsse2.overrideDefaultTLS=true -Dlogging.configuration=file:/opt/jboss/keycloak/bin/jboss-cli-logging.properties 
2023-03-26 11:21:01,450 INFO  [org.jboss.vfs] (MSC service thread 1-2) VFS000002: Failed to clean existing content for temp file provider of type temp. Enable DEBUG level log to find what caused this
2023-03-26 11:21:02,069 INFO  [org.wildfly.security] (ServerService Thread Pool -- 20) ELY00001: WildFly Elytron version 1.19.0.Final
2023-03-26 11:21:02,836 WARN  [org.wildfly.extension.elytron] (MSC service thread 1-4) WFLYELY00023: KeyStore file '/opt/jboss/keycloak/standalone/configuration/application.keystore' does not exist. Used blank.
2023-03-26 11:21:02,847 WARN  [org.wildfly.extension.elytron] (MSC service thread 1-8) WFLYELY01084: KeyStore /opt/jboss/keycloak/standalone/configuration/application.keystore not found, it will be auto generated on first use with a self-signed certificate for host localhost
2023-03-26 11:21:02,862 INFO  [org.jboss.as.patching] (MSC service thread 1-5) WFLYPAT0050: Keycloak cumulative patch ID is: base, one-off patches include: none
2023-03-26 11:21:02,997 INFO  [org.jboss.as.server] (Controller Boot Thread) WFLYSRV0212: Resuming server
2023-03-26 11:21:03,005 INFO  [org.jboss.as] (Controller Boot Thread) WFLYSRV0025: Keycloak 19.0.3 (WildFly Core 18.1.1.Final) started in 1765ms - Started 49 of 79 services (31 services are lazy, passive or on-demand) - Server configuration file in use: standalone-ha.xml
2023-03-26 11:21:03,159 INFO  [org.jboss.as] (MSC service thread 1-1) WFLYSRV0050: Keycloak 19.0.3 (WildFly Core 18.1.1.Final) stopped in 8ms
2023-03-26 11:21:03,915 INFO  [org.jboss.modules] (main) JBoss Modules version 2.0.2.Final
2023-03-26 11:21:04,336 INFO  [org.jboss.msc] (main) JBoss MSC version 1.4.13.Final
2023-03-26 11:21:04,344 INFO  [org.jboss.threads] (main) JBoss Threads version 2.4.0.Final
2023-03-26 11:21:04,460 INFO  [org.jboss.as] (MSC service thread 1-2) WFLYSRV0049: Keycloak 19.0.3 (WildFly Core 18.1.1.Final) starting
2023-03-26 11:21:04,465 DEBUG [org.jboss.as.config] (MSC service thread 1-2) Configured system properties:
	[Standalone] = 
	awt.toolkit = sun.awt.X11.XToolkit
	file.encoding = UTF-8
	file.separator = /
	java.awt.graphicsenv = sun.awt.X11GraphicsEnvironment
	java.awt.headless = true
	java.awt.printerjob = sun.print.PSPrinterJob
	java.class.path = /opt/jboss/keycloak/jboss-modules.jar
	java.class.version = 55.0
	java.home = /usr/lib/jvm/java-11-openjdk-11.0.16.1.1-1.el8_6.x86_64
	java.io.tmpdir = /tmp
	java.library.path = /usr/java/packages/lib:/usr/lib64:/lib64:/lib:/usr/lib
	java.net.preferIPv4Stack = true
	java.runtime.name = OpenJDK Runtime Environment
	java.runtime.version = 11.0.16.1+1-LTS
	java.specification.name = Java Platform API Specification
	java.specification.vendor = Oracle Corporation
	java.specification.version = 11
	java.util.logging.manager = org.jboss.logmanager.LogManager
	java.vendor = Red Hat, Inc.
	java.vendor.url = https://www.redhat.com/
	java.vendor.url.bug = https://bugzilla.redhat.com/enter_bug.cgi?product=Red%20Hat%20Enterprise%20Linux%208&component=java-11-openjdk
	java.vendor.version = (Red_Hat-11.0.16.1.1-1.el8_6)
	java.version = 11.0.16.1
	java.version.date = 2022-08-12
	java.vm.compressedOopsMode = 32-bit
	java.vm.info = mixed mode, sharing
	java.vm.name = OpenJDK 64-Bit Server VM
	java.vm.specification.name = Java Virtual Machine Specification
	java.vm.specification.vendor = Oracle Corporation
	java.vm.specification.version = 11
	java.vm.vendor = Red Hat, Inc.
	java.vm.version = 11.0.16.1+1-LTS
	javax.management.builder.initial = org.jboss.as.jmx.PluggableMBeanServerBuilder
	jboss.bind.address = 0.0.0.0
	jboss.bind.address.private = 172.18.0.3
	jboss.home.dir = /opt/jboss/keycloak
	jboss.host.name = 13e9aa53d5c8
	jboss.modules.dir = /opt/jboss/keycloak/modules
	jboss.modules.system.pkgs = org.jboss.byteman
	jboss.node.name = 13e9aa53d5c8
	jboss.qualified.host.name = 13e9aa53d5c8
	jboss.server.base.dir = /opt/jboss/keycloak/standalone
	jboss.server.config.dir = /opt/jboss/keycloak/standalone/configuration
	jboss.server.data.dir = /opt/jboss/keycloak/standalone/data
	jboss.server.deploy.dir = /opt/jboss/keycloak/standalone/data/content
	jboss.server.log.dir = /opt/jboss/keycloak/standalone/log
	jboss.server.name = 13e9aa53d5c8
	jboss.server.persist.config = true
	jboss.server.temp.dir = /opt/jboss/keycloak/standalone/tmp
	jdk.debug = release
	line.separator = 

	logging.configuration = file:/opt/jboss/keycloak/standalone/configuration/logging.properties
	module.path = /opt/jboss/keycloak/modules
	org.jboss.boot.log.file = /opt/jboss/keycloak/standalone/log/server.log
	org.jboss.resolver.warning = true
	os.arch = amd64
	os.name = Linux
	os.version = 4.15.0-206-generic
	path.separator = :
	sun.arch.data.model = 64
	sun.boot.library.path = /usr/lib/jvm/java-11-openjdk-11.0.16.1.1-1.el8_6.x86_64/lib
	sun.cpu.endian = little
	sun.cpu.isalist = 
	sun.io.unicode.encoding = UnicodeLittle
	sun.java.command = /opt/jboss/keycloak/jboss-modules.jar -mp /opt/jboss/keycloak/modules org.jboss.as.standalone -Djboss.home.dir=/opt/jboss/keycloak -Djboss.server.base.dir=/opt/jboss/keycloak/standalone -Djboss.bind.address=172.18.0.3 -Djboss.bind.address.private=172.18.0.3 -c=standalone-ha.xml -b 0.0.0.0
	sun.java.launcher = SUN_STANDARD
	sun.jnu.encoding = UTF-8
	sun.management.compiler = HotSpot 64-Bit Tiered Compilers
	sun.os.patch.level = unknown
	user.country = US
	user.dir = /
	user.home = /opt/jboss
	user.language = en
	user.name = jboss
	user.timezone = UTC
2023-03-26 11:21:04,470 DEBUG [org.jboss.as.config] (MSC service thread 1-2) VM Arguments: -D[Standalone] -Xms64m -Xmx512m -XX:MetaspaceSize=96M -XX:MaxMetaspaceSize=256m -Djava.net.preferIPv4Stack=true -Djboss.modules.system.pkgs=org.jboss.byteman -Djava.awt.headless=true --add-exports=java.desktop/sun.awt=ALL-UNNAMED --add-exports=java.naming/com.sun.jndi.ldap=ALL-UNNAMED --add-opens=java.base/java.lang=ALL-UNNAMED --add-opens=java.base/java.lang.invoke=ALL-UNNAMED --add-opens=java.base/java.lang.reflect=ALL-UNNAMED --add-opens=java.base/java.io=ALL-UNNAMED --add-opens=java.base/java.security=ALL-UNNAMED --add-opens=java.base/java.util=ALL-UNNAMED --add-opens=java.base/java.util.concurrent=ALL-UNNAMED --add-opens=java.management/javax.management=ALL-UNNAMED --add-opens=java.naming/javax.naming=ALL-UNNAMED -Dorg.jboss.boot.log.file=/opt/jboss/keycloak/standalone/log/server.log -Dlogging.configuration=file:/opt/jboss/keycloak/standalone/configuration/logging.properties 
2023-03-26 11:21:04,570 INFO  [org.jboss.vfs] (MSC service thread 1-5) VFS000002: Failed to clean existing content for temp file provider of type temp. Enable DEBUG level log to find what caused this
2023-03-26 11:21:05,174 INFO  [org.wildfly.security] (ServerService Thread Pool -- 21) ELY00001: WildFly Elytron version 1.19.0.Final
2023-03-26 11:21:05,867 INFO  [org.jboss.as.server] (Controller Boot Thread) WFLYSRV0039: Creating http management service using socket-binding (management-http)
2023-03-26 11:21:05,878 INFO  [org.xnio] (MSC service thread 1-5) XNIO version 3.8.7.Final
2023-03-26 11:21:05,883 INFO  [org.xnio.nio] (MSC service thread 1-5) XNIO NIO Implementation Version 3.8.7.Final
2023-03-26 11:21:05,931 INFO  [org.jboss.remoting] (MSC service thread 1-6) JBoss Remoting version 5.0.24.Final
2023-03-26 11:21:05,977 INFO  [org.jboss.as.jaxrs] (ServerService Thread Pool -- 40) WFLYRS0016: RESTEasy version 4.7.6.Final
2023-03-26 11:21:05,981 WARN  [org.jboss.as.txn] (ServerService Thread Pool -- 53) WFLYTX0013: The node-identifier attribute on the /subsystem=transactions is set to the default value. This is a danger for environments running multiple servers. Please make sure the attribute value is unique.
2023-03-26 11:21:05,980 INFO  [org.jboss.as.naming] (ServerService Thread Pool -- 49) WFLYNAM0001: Activating Naming Subsystem
2023-03-26 11:21:05,962 INFO  [org.jboss.as.clustering.infinispan] (ServerService Thread Pool -- 38) WFLYCLINF0001: Activating Infinispan subsystem.
2023-03-26 11:21:05,973 INFO  [org.wildfly.extension.health] (ServerService Thread Pool -- 37) WFLYHEALTH0001: Activating Base Health Subsystem
2023-03-26 11:21:05,975 INFO  [org.jboss.as.clustering.jgroups] (ServerService Thread Pool -- 42) WFLYCLJG0001: Activating JGroups subsystem. JGroups version 4.2.20
2023-03-26 11:21:05,987 INFO  [org.wildfly.extension.io] (ServerService Thread Pool -- 39) WFLYIO001: Worker 'default' has auto-configured to 8 IO threads with 64 max task threads based on your 4 available processors
2023-03-26 11:21:06,027 INFO  [org.jboss.as.connector] (MSC service thread 1-7) WFLYJCA0009: Starting Jakarta Connectors Subsystem (WildFly/IronJacamar 1.5.3.Final)
2023-03-26 11:21:06,034 INFO  [org.jboss.as.connector.subsystems.datasources] (ServerService Thread Pool -- 32) WFLYJCA0004: Deploying JDBC-compliant driver class org.h2.Driver (version 1.4)
2023-03-26 11:21:06,069 INFO  [org.wildfly.extension.metrics] (ServerService Thread Pool -- 47) WFLYMETRICS0001: Activating Base Metrics Subsystem
2023-03-26 11:21:06,070 INFO  [org.jboss.as.connector.deployers.jdbc] (MSC service thread 1-1) WFLYJCA0018: Started Driver service with driver-name = h2
2023-03-26 11:21:06,100 INFO  [org.wildfly.extension.undertow] (MSC service thread 1-7) WFLYUT0003: Undertow 2.2.17.Final starting
2023-03-26 11:21:06,096 INFO  [org.jboss.as.naming] (MSC service thread 1-2) WFLYNAM0003: Starting Naming Service
2023-03-26 11:21:06,094 INFO  [org.jboss.as.mail.extension] (MSC service thread 1-8) WFLYMAIL0001: Bound mail session [java:jboss/mail/Default]
2023-03-26 11:21:06,158 INFO  [org.jboss.as.ejb3] (MSC service thread 1-6) WFLYEJB0482: Strict pool mdb-strict-max-pool is using a max instance size of 16 (per class), which is derived from the number of CPUs on this host.
2023-03-26 11:21:06,158 INFO  [org.jboss.as.ejb3] (MSC service thread 1-1) WFLYEJB0481: Strict pool slsb-strict-max-pool is using a max instance size of 64 (per class), which is derived from thread worker pool sizing.
2023-03-26 11:21:06,173 INFO  [org.jboss.as.connector.subsystems.datasources] (ServerService Thread Pool -- 32) WFLYJCA0005: Deploying non-JDBC-compliant driver class com.mysql.cj.jdbc.Driver (version 8.0)
2023-03-26 11:21:06,177 INFO  [org.jboss.as.connector.deployers.jdbc] (MSC service thread 1-1) WFLYJCA0018: Started Driver service with driver-name = mysql
2023-03-26 11:21:06,207 WARN  [org.wildfly.clustering.web.undertow] (ServerService Thread Pool -- 54) WFLYCLWEBUT0007: No routing provider found for default-server; using legacy provider based on static configuration
2023-03-26 11:21:06,223 WARN  [org.wildfly.extension.elytron] (MSC service thread 1-1) WFLYELY00023: KeyStore file '/opt/jboss/keycloak/standalone/configuration/application.keystore' does not exist. Used blank.
2023-03-26 11:21:06,266 INFO  [org.wildfly.extension.undertow] (ServerService Thread Pool -- 54) WFLYUT0014: Creating file handler for path '/opt/jboss/keycloak/welcome-content' with options [directory-listing: 'false', follow-symlink: 'false', case-sensitive: 'true', safe-symlink-paths: '[]']
2023-03-26 11:21:06,285 WARN  [org.wildfly.extension.elytron] (MSC service thread 1-1) WFLYELY01084: KeyStore /opt/jboss/keycloak/standalone/configuration/application.keystore not found, it will be auto generated on first use with a self-signed certificate for host localhost
2023-03-26 11:21:06,289 INFO  [org.wildfly.extension.undertow] (MSC service thread 1-1) WFLYUT0012: Started server default-server.
2023-03-26 11:21:06,304 INFO  [org.wildfly.extension.undertow] (MSC service thread 1-6) Queuing requests.
2023-03-26 11:21:06,304 INFO  [org.wildfly.extension.undertow] (MSC service thread 1-6) WFLYUT0018: Host default-host starting
2023-03-26 11:21:06,348 INFO  [org.wildfly.extension.undertow] (MSC service thread 1-1) WFLYUT0006: Undertow AJP listener ajp listening on 0.0.0.0:8009
2023-03-26 11:21:06,348 INFO  [org.wildfly.extension.undertow] (MSC service thread 1-3) WFLYUT0006: Undertow HTTP listener default listening on 0.0.0.0:8080
2023-03-26 11:21:06,371 INFO  [org.jboss.modcluster] (ServerService Thread Pool -- 56) MODCLUSTER000001: Initializing mod_cluster version 1.4.4.Final
2023-03-26 11:21:06,414 INFO  [org.jboss.modcluster] (ServerService Thread Pool -- 56) MODCLUSTER000032: Listening to proxy advertisements on /224.0.1.105:23364
2023-03-26 11:21:06,539 INFO  [org.jboss.as.ejb3] (MSC service thread 1-5) WFLYEJB0493: Jakarta Enterprise Beans subsystem suspension complete
2023-03-26 11:21:06,618 INFO  [org.wildfly.extension.undertow] (MSC service thread 1-6) WFLYUT0006: Undertow HTTPS listener https listening on 0.0.0.0:8443
2023-03-26 11:21:06,631 INFO  [org.jboss.as.connector.subsystems.datasources] (MSC service thread 1-7) WFLYJCA0001: Bound data source [java:jboss/datasources/ExampleDS]
2023-03-26 11:21:06,633 INFO  [org.jboss.as.connector.subsystems.datasources] (MSC service thread 1-3) WFLYJCA0001: Bound data source [java:jboss/datasources/KeycloakDS]
2023-03-26 11:21:06,736 INFO  [org.jboss.as.patching] (MSC service thread 1-5) WFLYPAT0050: Keycloak cumulative patch ID is: base, one-off patches include: none
